<?xml version="1.0" encoding="UTF-8"?>
<testng-results skipped="0" failed="0" total="1" passed="1">
  <reporter-output>
  </reporter-output>
  <suite name="Default suite" duration-ms="63217" started-at="2015-03-17T17:01:52Z" finished-at="2015-03-17T17:02:55Z">
    <groups>
    </groups>
    <test name="Default test" duration-ms="63217" started-at="2015-03-17T17:01:52Z" finished-at="2015-03-17T17:02:55Z">
      <class name="MobileWebBrowserTest">
        <test-method status="PASS" signature="setUp()[pri:0, instance:MobileWebBrowserTest@7d99eb6c]" name="setUp" is-config="true" duration-ms="11956" started-at="2015-03-17T12:01:52Z" finished-at="2015-03-17T12:02:04Z">
          <reporter-output>
          </reporter-output>
        </test-method> <!-- setUp -->
        <test-method status="PASS" signature="testWebsite()[pri:0, instance:MobileWebBrowserTest@7d99eb6c]" name="testWebsite" duration-ms="49964" started-at="2015-03-17T12:02:04Z" finished-at="2015-03-17T12:02:54Z">
          <reporter-output>
          </reporter-output>
        </test-method> <!-- testWebsite -->
        <test-method status="PASS" signature="tearDown()[pri:0, instance:MobileWebBrowserTest@7d99eb6c]" name="tearDown" is-config="true" duration-ms="1267" started-at="2015-03-17T12:02:54Z" finished-at="2015-03-17T12:02:55Z">
          <reporter-output>
          </reporter-output>
        </test-method> <!-- tearDown -->
      </class> <!-- MobileWebBrowserTest -->
    </test> <!-- Default test -->
  </suite> <!-- Default suite -->
</testng-results>
